[    0.000000] Initializing cgroup subsys cpuset
[    0.000000] Initializing cgroup subsys cpu
[    0.000000] Initializing cgroup subsys cpuacct
[    0.000000] Linux version 4.4.0-150-generic (buildd@lgw01-amd64-036) (gcc version 5.4.0 20160609 (Ubuntu 5.4.0-6ubuntu1~16.04.10) ) #176-Ubuntu SMP Wed May 29 18:56:26 UTC 2019 (Ubuntu 4.4.0-150.176-generic 4.4.179)
[    0.000000] Command line: BOOT_IMAGE=/boot/vmlinuz-4.4.0-150-generic root=LABEL=cloudimg-rootfs ro console=tty1 console=ttyS0
[    0.000000] KERNEL supported cpus:
[    0.000000]   Intel GenuineIntel
[    0.000000]   AMD AuthenticAMD
[    0.000000]   Centaur CentaurHauls
[    0.000000] x86/fpu: xstate_offset[2]:  576, xstate_sizes[2]:  256
[    0.000000] x86/fpu: Supporting XSAVE feature 0x01: 'x87 floating point registers'
[    0.000000] x86/fpu: Supporting XSAVE feature 0x02: 'SSE registers'
[    0.000000] x86/fpu: Supporting XSAVE feature 0x04: 'AVX registers'
[    0.000000] x86/fpu: Enabled xstate features 0x7, context size is 832 bytes, using 'standard' format.
[    0.000000] e820: BIOS-provided physical RAM map:
[    0.000000] BIOS-e820: [mem 0x0000000000000000-0x000000000009fbff] usable
[    0.000000] BIOS-e820: [mem 0x000000000009fc00-0x000000000009ffff] reserved
[    0.000000] BIOS-e820: [mem 0x00000000000f0000-0x00000000000fffff] reserved
[    0.000000] BIOS-e820: [mem 0x0000000000100000-0x000000003ffeffff] usable
[    0.000000] BIOS-e820: [mem 0x000000003fff0000-0x000000003fffffff] ACPI data
[    0.000000] BIOS-e820: [mem 0x00000000fec00000-0x00000000fec00fff] reserved
[    0.000000] BIOS-e820: [mem 0x00000000fee00000-0x00000000fee00fff] reserved
[    0.000000] BIOS-e820: [mem 0x00000000fffc0000-0x00000000ffffffff] reserved
[    0.000000] NX (Execute Disable) protection: active
[    0.000000] SMBIOS 2.5 present.
[    0.000000] Hypervisor detected: KVM
[    0.000000] e820: last_pfn = 0x3fff0 max_arch_pfn = 0x400000000
[    0.000000] MTRR: Disabled
[    0.000000] x86/PAT: MTRRs disabled, skipping PAT initialization too.
[    0.000000] CPU MTRRs all blank - virtualized system.
[    0.000000] x86/PAT: Configuration [0-7]: WB  WT  UC- UC  WB  WT  UC- UC  
[    0.000000] found SMP MP-table at [mem 0x0009fff0-0x0009ffff] mapped at [ffff88000009fff0]
[    0.000000] Scanning 1 areas for low memory corruption
[    0.000000] RAMDISK: [mem 0x362fc000-0x37175fff]
[    0.000000] ACPI: Early table checksum verification disabled
[    0.000000] ACPI: RSDP 0x00000000000E0000 000024 (v02 VBOX  )
[    0.000000] ACPI: XSDT 0x000000003FFF0030 00003C (v01 VBOX   VBOXXSDT 00000001 ASL  00000061)
[    0.000000] ACPI: FACP 0x000000003FFF00F0 0000F4 (v04 VBOX   VBOXFACP 00000001 ASL  00000061)
[    0.000000] ACPI: DSDT 0x000000003FFF0470 0022EA (v02 VBOX   VBOXBIOS 00000002 INTL 20100528)
[    0.000000] ACPI: FACS 0x000000003FFF0200 000040
[    0.000000] ACPI: FACS 0x000000003FFF0200 000040
[    0.000000] ACPI: APIC 0x000000003FFF0240 00005C (v02 VBOX   VBOXAPIC 00000001 ASL  00000061)
[    0.000000] ACPI: SSDT 0x000000003FFF02A0 0001CC (v01 VBOX   VBOXCPUT 00000002 INTL 20100528)
[    0.000000] No NUMA configuration found
[    0.000000] Faking a node at [mem 0x0000000000000000-0x000000003ffeffff]
[    0.000000] NODE_DATA(0) allocated [mem 0x3ffeb000-0x3ffeffff]
[    0.000000] kvm-clock: Using msrs 4b564d01 and 4b564d00
[    0.000000] kvm-clock: cpu 0, msr 0:3ffe3001, primary cpu clock
[    0.000000] kvm-clock: using sched offset of 3436688995 cycles
[    0.000000] clocksource: kvm-clock: mask: 0xffffffffffffffff max_cycles: 0x1cd42e4dffb, max_idle_ns: 881590591483 ns
[    0.000000] Zone ranges:
[    0.000000]   DMA      [mem 0x0000000000001000-0x0000000000ffffff]
[    0.000000]   DMA32    [mem 0x0000000001000000-0x000000003ffeffff]
[    0.000000]   Normal   empty
[    0.000000]   Device   empty
[    0.000000] Movable zone start for each node
[    0.000000] Early memory node ranges
[    0.000000]   node   0: [mem 0x0000000000001000-0x000000000009efff]
[    0.000000]   node   0: [mem 0x0000000000100000-0x000000003ffeffff]
[    0.000000] Initmem setup node 0 [mem 0x0000000000001000-0x000000003ffeffff]
[    0.000000] ACPI: PM-Timer IO Port: 0x4008
[    0.000000] IOAPIC[0]: apic_id 2, version 32, address 0xfec00000, GSI 0-23
[    0.000000] ACPI: INT_SRC_OVR (bus 0 bus_irq 0 global_irq 2 dfl dfl)
[    0.000000] ACPI: INT_SRC_OVR (bus 0 bus_irq 9 global_irq 9 low level)
[    0.000000] Using ACPI (MADT) for SMP configuration information
[    0.000000] smpboot: Allowing 2 CPUs, 0 hotplug CPUs
[    0.000000] PM: Registered nosave memory: [mem 0x00000000-0x00000fff]
[    0.000000] PM: Registered nosave memory: [mem 0x0009f000-0x0009ffff]
[    0.000000] PM: Registered nosave memory: [mem 0x000a0000-0x000effff]
[    0.000000] PM: Registered nosave memory: [mem 0x000f0000-0x000fffff]
[    0.000000] e820: [mem 0x40000000-0xfebfffff] available for PCI devices
[    0.000000] Booting paravirtualized kernel on KVM
[    0.000000] clocksource: refined-jiffies: mask: 0xffffffff max_cycles: 0xffffffff, max_idle_ns: 7645519600211568 ns
[    0.000000] setup_percpu: NR_CPUS:512 nr_cpumask_bits:512 nr_cpu_ids:2 nr_node_ids:1
[    0.000000] PERCPU: Embedded 34 pages/cpu @ffff88003fc00000 s99480 r8192 d31592 u1048576
[    0.000000] Built 1 zonelists in Node order, mobility grouping on.  Total pages: 257912
[    0.000000] Policy zone: DMA32
[    0.000000] Kernel command line: BOOT_IMAGE=/boot/vmlinuz-4.4.0-150-generic root=LABEL=cloudimg-rootfs ro console=tty1 console=ttyS0
[    0.000000] PID hash table entries: 4096 (order: 3, 32768 bytes)
[    0.000000] Memory: 997736K/1048120K available (8613K kernel code, 1335K rwdata, 4028K rodata, 1484K init, 1284K bss, 50384K reserved, 0K cma-reserved)
[    0.000000] SLUB: HWalign=64, Order=0-3, MinObjects=0, CPUs=2, Nodes=1
[    0.000000] Kernel/User page tables isolation: enabled
[    0.000000] Hierarchical RCU implementation.
[    0.000000] 	Build-time adjustment of leaf fanout to 64.
[    0.000000] 	RCU restricting CPUs from NR_CPUS=512 to nr_cpu_ids=2.
[    0.000000] RCU: Adjusting geometry for rcu_fanout_leaf=64, nr_cpu_ids=2
[    0.000000] NR_IRQS:33024 nr_irqs:440 16
[    0.000000] Console: colour VGA+ 80x25
[    0.000000] console [tty1] enabled
[    0.000000] console [ttyS0] enabled
[    0.000000] tsc: Detected 2194.918 MHz processor
[    0.194563] Calibrating delay loop (skipped) preset value.. 4389.83 BogoMIPS (lpj=8779672)
[    0.196826] pid_max: default: 32768 minimum: 301
[    0.198216] ACPI: Core revision 20150930
[    0.200200] ACPI: 2 ACPI AML tables successfully acquired and loaded
[    0.201993] Security Framework initialized
[    0.203024] Yama: becoming mindful.
[    0.203983] AppArmor: AppArmor initialized
[    0.205099] Dentry cache hash table entries: 131072 (order: 8, 1048576 bytes)
[    0.208431] Inode-cache hash table entries: 65536 (order: 7, 524288 bytes)
[    0.210846] Mount-cache hash table entries: 2048 (order: 2, 16384 bytes)
[    0.212393] Mountpoint-cache hash table entries: 2048 (order: 2, 16384 bytes)
[    0.214336] Initializing cgroup subsys io
[    0.215376] Initializing cgroup subsys memory
[    0.216494] Initializing cgroup subsys devices
[    0.217606] Initializing cgroup subsys freezer
[    0.218701] Initializing cgroup subsys net_cls
[    0.219770] Initializing cgroup subsys perf_event
[    0.220914] Initializing cgroup subsys net_prio
[    0.222024] Initializing cgroup subsys hugetlb
[    0.223087] Initializing cgroup subsys pids
[    0.230812] mce: CPU supports 0 MCE banks
[    0.231850] Last level iTLB entries: 4KB 1024, 2MB 1024, 4MB 1024
[    0.233365] Last level dTLB entries: 4KB 1024, 2MB 1024, 4MB 1024, 1GB 4
[    0.234904] Spectre V2 : Mitigation: Full generic retpoline
[    0.236251] Spectre V2 : Spectre v2 / SpectreRSB mitigation: Filling RSB on context switch
[    0.238237] Speculative Store Bypass: Vulnerable
[    0.239413] MDS: Mitigation: Clear CPU buffers
[    0.243359] Freeing SMP alternatives memory: 36K
[    0.249893] ftrace: allocating 32298 entries in 127 pages
[    0.305698] smpboot: APIC(0) Converting physical 0 to logical package 0
[    0.307307] smpboot: Max logical packages: 1
[    0.308715] x2apic enabled
[    0.309764] Switched APIC routing to physical x2apic.
[    0.312165] ..TIMER: vector=0x30 apic1=0 pin1=2 apic2=-1 pin2=-1
[    0.422123] smpboot: CPU0: Intel(R) Core(TM) i7-4770HQ CPU @ 2.20GHz (family: 0x6, model: 0x46, stepping: 0x1)
[    0.424836] Performance Events: unsupported p6 CPU model 70 no PMU driver, software events only.
[    0.437296] KVM setup paravirtual spinlock
[    0.439291] x86: Booting SMP configuration:
[    0.440425] .... node  #0, CPUs:      #1
[    0.441663] kvm-clock: cpu 1, msr 0:3ffe3041, secondary cpu clock
[    0.449903] mce: CPU supports 0 MCE banks
[    0.453092] x86: Booted up 1 node, 2 CPUs
[    0.454615] smpboot: Total of 2 processors activated (8779.67 BogoMIPS)
[    0.456710] devtmpfs: initialized
[    0.459643] evm: security.selinux
[    0.460753] evm: security.SMACK64
[    0.461776] evm: security.SMACK64EXEC
[    0.462733] evm: security.SMACK64TRANSMUTE
[    0.463804] evm: security.SMACK64MMAP
[    0.464792] evm: security.ima
[    0.465725] evm: security.capability
[    0.466980] clocksource: jiffies: mask: 0xffffffff max_cycles: 0xffffffff, max_idle_ns: 7645041785100000 ns
[    0.469627] futex hash table entries: 512 (order: 3, 32768 bytes)
[    0.471483] pinctrl core: initialized pinctrl subsystem
[    0.472960] RTC time:  1:45:49, date: 07/15/20
[    0.474520] NET: Registered protocol family 16
[    0.486038] cpuidle: using governor ladder
[    0.498119] cpuidle: using governor menu
[    0.499769] PCCT header not found.
[    0.501461] ACPI: bus type PCI registered
[    0.502987] acpiphp: ACPI Hot Plug PCI Controller Driver version: 0.5
[    0.505426] PCI: Using configuration type 1 for base access
[    0.519194] ACPI: Added _OSI(Module Device)
[    0.521330] ACPI: Added _OSI(Processor Device)
[    0.523022] ACPI: Added _OSI(3.0 _SCP Extensions)
[    0.524818] ACPI: Added _OSI(Processor Aggregator Device)
[    0.527512] ACPI: Executed 1 blocks of module-level executable AML code
[    0.531614] ACPI: Interpreter enabled
[    0.532706] ACPI: (supports S0 S5)
[    0.533697] ACPI: Using IOAPIC for interrupt routing
[    0.535185] PCI: Using host bridge windows from ACPI; if necessary, use "pci=nocrs" and report a bug
[    0.542126] ACPI: PCI Root Bridge [PCI0] (domain 0000 [bus 00-ff])
[    0.543624] acpi PNP0A03:00: _OSC: OS supports [ASPM ClockPM Segments MSI]
[    0.545505] acpi PNP0A03:00: _OSC: not requesting OS control; OS requires [ExtendedConfig ASPM ClockPM MSI]
[    0.547835] acpi PNP0A03:00: fail to add MMCONFIG information, can't access extended PCI configuration space under this bridge.
[    0.551186] PCI host bridge to bus 0000:00
[    0.552257] pci_bus 0000:00: root bus resource [io  0x0000-0x0cf7 window]
[    0.554056] pci_bus 0000:00: root bus resource [io  0x0d00-0xffff window]
[    0.555684] pci_bus 0000:00: root bus resource [mem 0x000a0000-0x000bffff window]
[    0.557747] pci_bus 0000:00: root bus resource [mem 0x40000000-0xfdffffff window]
[    0.559735] pci_bus 0000:00: root bus resource [bus 00-ff]
[    0.563837] pci 0000:00:01.1: legacy IDE quirk: reg 0x10: [io  0x01f0-0x01f7]
[    0.565790] pci 0000:00:01.1: legacy IDE quirk: reg 0x14: [io  0x03f6]
[    0.567438] pci 0000:00:01.1: legacy IDE quirk: reg 0x18: [io  0x0170-0x0177]
[    0.569464] pci 0000:00:01.1: legacy IDE quirk: reg 0x1c: [io  0x0376]
[    0.586180] pci 0000:00:07.0: quirk: [io  0x4000-0x403f] claimed by PIIX4 ACPI
[    0.596947] pci 0000:00:07.0: quirk: [io  0x4100-0x410f] claimed by PIIX4 SMB
[    0.608570] ACPI: PCI Interrupt Link [LNKA] (IRQs 5 9 10 *11)
[    0.610730] ACPI: PCI Interrupt Link [LNKB] (IRQs 5 9 *10 11)
[    0.612851] ACPI: PCI Interrupt Link [LNKC] (IRQs 5 *9 10 11)
[    0.614765] ACPI: PCI Interrupt Link [LNKD] (IRQs 5 9 10 *11)
[    0.616999] ACPI: Enabled 2 GPEs in block 00 to 07
[    0.618589] vgaarb: setting as boot device: PCI:0000:00:02.0
[    0.619886] vgaarb: device added: PCI:0000:00:02.0,decodes=io+mem,owns=io+mem,locks=none
[    0.621960] vgaarb: loaded
[    0.622698] vgaarb: bridge control possible 0000:00:02.0
[    0.624141] SCSI subsystem initialized
[    0.625350] ACPI: bus type USB registered
[    0.626372] usbcore: registered new interface driver usbfs
[    0.627708] usbcore: registered new interface driver hub
[    0.629012] usbcore: registered new device driver usb
[    0.630534] PCI: Using ACPI for IRQ routing
[    0.632235] NetLabel: Initializing
[    0.633164] NetLabel:  domain hash size = 128
[    0.634270] NetLabel:  protocols = UNLABELED CIPSOv4
[    0.636847] NetLabel:  unlabeled traffic allowed by default
[    0.638459] amd_nb: Cannot enumerate AMD northbridges
[    0.639875] clocksource: Switched to clocksource kvm-clock
[    0.648830] AppArmor: AppArmor Filesystem Enabled
[    0.650089] pnp: PnP ACPI init
[    0.652209] pnp: PnP ACPI: found 3 devices
[    0.663081] clocksource: acpi_pm: mask: 0xffffff max_cycles: 0xffffff, max_idle_ns: 2085701024 ns
[    0.665411] NET: Registered protocol family 2
[    0.666833] TCP established hash table entries: 8192 (order: 4, 65536 bytes)
[    0.668613] TCP bind hash table entries: 8192 (order: 5, 131072 bytes)
[    0.670217] TCP: Hash tables configured (established 8192 bind 8192)
[    0.671846] UDP hash table entries: 512 (order: 2, 16384 bytes)
[    0.673376] UDP-Lite hash table entries: 512 (order: 2, 16384 bytes)
[    0.674926] NET: Registered protocol family 1
[    0.676054] pci 0000:00:00.0: Limiting direct PCI/PCI transfers
[    0.677579] pci 0000:00:01.0: Activating ISA DMA hang workarounds
[    0.679415] Unpacking initramfs...
[    0.878670] Freeing initrd memory: 14824K
[    0.879888] clocksource: tsc: mask: 0xffffffffffffffff max_cycles: 0x1fa37202099, max_idle_ns: 440795206796 ns
[    0.882909] platform rtc_cmos: registered platform RTC device (no PNP device found)
[    0.885085] Scanning for low memory corruption every 60 seconds
[    0.887414] audit: initializing netlink subsys (disabled)
[    0.889010] audit: type=2000 audit(1594777554.932:1): initialized
[    0.890836] Initialise system trusted keyring
[    0.892373] HugeTLB registered 2 MB page size, pre-allocated 0 pages
[    0.895118] zbud: loaded
[    0.896350] VFS: Disk quotas dquot_6.6.0
[    0.897526] VFS: Dquot-cache hash table entries: 512 (order 0, 4096 bytes)
[    0.899439] squashfs: version 4.0 (2009/01/31) Phillip Lougher
[    0.901703] fuse init (API version 7.23)
[    0.902884] Key type big_key registered
[    0.903903] Allocating IMA MOK and blacklist keyrings.
[    0.906334] Key type asymmetric registered
[    0.907558] Asymmetric key parser 'x509' registered
[    0.908937] Block layer SCSI generic (bsg) driver version 0.4 loaded (major 249)
[    0.911016] io scheduler noop registered
[    0.912169] io scheduler deadline registered (default)
[    0.913519] io scheduler cfq registered
[    0.914661] pci_hotplug: PCI Hot Plug PCI Core version: 0.5
[    0.915960] pciehp: PCI Express Hot Plug Controller Driver version: 0.4
[    0.917904] ACPI: AC Adapter [AC] (on-line)
[    0.919017] input: Power Button as /devices/LNXSYSTM:00/LNXPWRBN:00/input/input0
[    0.920955] ACPI: Power Button [PWRF]
[    0.921964] input: Sleep Button as /devices/LNXSYSTM:00/LNXSLPBN:00/input/input1
[    0.923915] ACPI: Sleep Button [SLPF]
[    0.926332] ACPI: Battery Slot [BAT0] (battery present)
[    0.927623] GHES: HEST is not enabled!
[    0.929148] Serial: 8250/16550 driver, 32 ports, IRQ sharing enabled
[    0.951290] 00:02: ttyS0 at I/O 0x3f8 (irq = 4, base_baud = 115200) is a 16550A
[    0.954587] Linux agpgart interface v0.103
[    0.957760] loop: module loaded
[    0.959507] scsi host0: ata_piix
[    0.960716] scsi host1: ata_piix
[    0.961765] ata1: PATA max UDMA/33 cmd 0x1f0 ctl 0x3f6 bmdma 0xd000 irq 14
[    0.963458] ata2: PATA max UDMA/33 cmd 0x170 ctl 0x376 bmdma 0xd008 irq 15
[    0.965239] libphy: Fixed MDIO Bus: probed
[    0.966346] tun: Universal TUN/TAP device driver, 1.6
[    0.967708] tun: (C) 1999-2004 Max Krasnyansky <maxk@qualcomm.com>
[    0.969469] PPP generic driver version 2.4.2
[    0.970641] ehci_hcd: USB 2.0 'Enhanced' Host Controller (EHCI) Driver
[    0.972393] ehci-pci: EHCI PCI platform driver
[    0.973607] ehci-platform: EHCI generic platform driver
[    0.975067] ohci_hcd: USB 1.1 'Open' Host Controller (OHCI) Driver
[    0.976745] ohci-pci: OHCI PCI platform driver
[    0.978050] ohci-platform: OHCI generic platform driver
[    0.979322] uhci_hcd: USB Universal Host Controller Interface driver
[    0.981048] i8042: PNP: PS/2 Controller [PNP0303:PS2K,PNP0f03:PS2M] at 0x60,0x64 irq 1,12
[    0.984718] serio: i8042 KBD port at 0x60,0x64 irq 1
[    0.986702] serio: i8042 AUX port at 0x60,0x64 irq 12
[    0.988852] mousedev: PS/2 mouse device common for all mice
[    0.991145] rtc_cmos rtc_cmos: rtc core: registered rtc_cmos as rtc0
[    0.992869] rtc_cmos rtc_cmos: alarms up to one day, 114 bytes nvram
[    0.994505] i2c /dev entries driver
[    0.995494] input: AT Translated Set 2 keyboard as /devices/platform/i8042/serio0/input/input2
[    0.997807] device-mapper: uevent: version 1.0.3
[    0.999090] device-mapper: ioctl: 4.34.0-ioctl (2015-10-28) initialised: dm-devel@redhat.com
[    1.001220] ledtrig-cpu: registered to indicate activity on CPUs
[    1.003399] NET: Registered protocol family 10
[    1.004812] NET: Registered protocol family 17
[    1.005922] Key type dns_resolver registered
[    1.007643] registered taskstats version 1
[    1.008784] Loading compiled-in X.509 certificates
[    1.010541] Loaded X.509 cert 'Build time autogenerated kernel key: a7915d3ef14e82ec7978a6e44664328aa121e7a5'
[    1.013089] zswap: loaded using pool lzo/zbud
[    1.016029] Key type trusted registered
[    1.019971] Key type encrypted registered
[    1.020997] AppArmor: AppArmor sha1 policy hashing enabled
[    1.022287] ima: No TPM chip found, activating TPM-bypass!
[    1.023544] ima: Allocated hash algorithm: sha1
[    1.024787] evm: HMAC attrs: 0x1
[    1.026060]   Magic number: 12:471:761
[    1.027177] rtc_cmos rtc_cmos: setting system clock to 2020-07-15 01:45:50 UTC (1594777550)
[    1.029531] BIOS EDD facility v0.16 2004-Jun-25, 0 devices found
[    1.030971] EDD information not available.
[    1.122123] Freeing unused kernel memory: 1484K
[    1.123587] Write protecting the kernel read-only data: 14336k
[    1.125821] Freeing unused kernel memory: 1616K
[    1.127383] Freeing unused kernel memory: 68K
Loading, please wait...
starting version 229
[    1.144189] random: systemd-udevd: uninitialized urandom read (16 bytes read, 2 bits of entropy available)
[    1.144923] random: udevadm: uninitialized urandom read (16 bytes read, 2 bits of entropy available)
[    1.144952] random: udevadm: uninitialized urandom read (16 bytes read, 2 bits of entropy available)
[    1.151798] random: systemd-udevd: uninitialized urandom read (16 bytes read, 2 bits of entropy available)
[    1.154451] random: systemd-udevd: uninitialized urandom read (16 bytes read, 2 bits of entropy available)
[    1.156264] random: udevadm: uninitialized urandom read (16 bytes read, 2 bits of entropy available)
[    1.156320] random: udevadm: uninitialized urandom read (16 bytes read, 2 bits of entropy available)
[    1.156520] random: udevadm: uninitialized urandom read (16 bytes read, 2 bits of entropy available)
[    1.156569] random: udevadm: uninitialized urandom read (16 bytes read, 2 bits of entropy available)
[    1.156616] random: udevadm: uninitialized urandom read (16 bytes read, 2 bits of entropy available)
[    1.205948] e1000: Intel(R) PRO/1000 Network Driver - version 7.3.21-k8-NAPI
[    1.207677] e1000: Copyright (c) 1999-2006 Intel Corporation.
[    1.211664] Fusion MPT base driver 3.04.20
[    1.212973] Copyright (c) 1999-2008 LSI Corporation
[    1.235101] Fusion MPT SPI Host driver 3.04.20
[    1.238409] AVX2 version of gcm_enc/dec engaged.
[    1.239707] AES CTR mode by8 optimization enabled
[    1.425197] input: ImExPS/2 Generic Explorer Mouse as /devices/platform/i8042/serio1/input/input4
[    1.614791] e1000 0000:00:03.0 eth0: (PCI:33MHz:32-bit) 02:2e:c1:de:99:b7
[    1.616527] e1000 0000:00:03.0 eth0: Intel(R) PRO/1000 Network Connection
[    2.013701] e1000 0000:00:08.0 eth1: (PCI:33MHz:32-bit) 08:00:27:47:d6:6e
[    2.015489] e1000 0000:00:08.0 eth1: Intel(R) PRO/1000 Network Connection
[    2.018778] e1000 0000:00:03.0 enp0s3: renamed from eth0
[    2.020897] mptbase: ioc0: Initiating bringup
[    2.028980] e1000 0000:00:08.0 enp0s8: renamed from eth1
[    2.091642] ioc0: LSI53C1030 A0: Capabilities={Initiator}
[    2.839117] scsi host2: ioc0: LSI53C1030 A0, FwRev=00000000h, Ports=1, MaxQ=256, IRQ=20
[    3.610897] scsi 2:0:0:0: Direct-Access     VBOX     HARDDISK         1.0  PQ: 0 ANSI: 5
[    3.613675] scsi target2:0:0: Beginning Domain Validation
[    3.616089] scsi target2:0:0: Domain Validation skipping write tests
[    3.617524] scsi target2:0:0: Ending Domain Validation
[    3.618848] scsi target2:0:0: asynchronous
[    3.620365] scsi 2:0:1:0: Direct-Access     VBOX     HARDDISK         1.0  PQ: 0 ANSI: 5
[    3.622525] scsi target2:0:1: Beginning Domain Validation
[    3.624483] scsi target2:0:1: Domain Validation skipping write tests
[    3.625980] scsi target2:0:1: Ending Domain Validation
[    3.636110] scsi target2:0:1: asynchronous
[    3.643648] sd 2:0:0:0: Attached scsi generic sg0 type 0
[    3.645176] sd 2:0:0:0: [sda] 20971520 512-byte logical blocks: (10.7 GB/10.0 GiB)
[    3.647962] sd 2:0:1:0: [sdb] 20480 512-byte logical blocks: (10.5 MB/10.0 MiB)
[    3.649836] sd 2:0:1:0: Attached scsi generic sg1 type 0
[    3.651475] sd 2:0:1:0: [sdb] Write Protect is off
[    3.652777] sd 2:0:0:0: [sda] Write Protect is off
[    3.654136] sd 2:0:1:0: [sdb] Incomplete mode parameter data
[    3.655435] sd 2:0:1:0: [sdb] Assuming drive cache: write through
[    3.656975] sd 2:0:0:0: [sda] Incomplete mode parameter data
[    3.658282] sd 2:0:0:0: [sda] Assuming drive cache: write through
[    3.661614]  sda: sda1
[    3.663540] sd 2:0:1:0: [sdb] Attached SCSI disk
[    3.664994] sd 2:0:0:0: [sda] Attached SCSI disk
Begin: Loading essential drivers ... [    4.966157] md: linear personality registered for level -1
[    4.970170] md: multipath personality registered for level -4
[    4.974249] md: raid0 personality registered for level 0
[    4.979576] md: raid1 personality registered for level 1
[    5.052489] raid6: sse2x1   gen() 10196 MB/s
[    5.120144] raid6: sse2x1   xor()  7622 MB/s
[    5.190733] raid6: sse2x2   gen() 13156 MB/s
[    5.260796] raid6: sse2x2   xor()  8768 MB/s
[    5.330844] raid6: sse2x4   gen() 15549 MB/s
[    5.400510] raid6: sse2x4   xor() 10409 MB/s
[    5.468021] raid6: avx2x1   gen() 19337 MB/s
[    5.535975] raid6: avx2x2   gen() 21138 MB/s
[    5.611176] raid6: avx2x4   gen() 26947 MB/s
[    5.612421] raid6: using algorithm avx2x4 gen() 26947 MB/s
[    5.613880] raid6: using avx2x2 recovery algorithm
[    5.616741] xor: automatically using best checksumming function:
[    5.656111]    avx       : 29447.000 MB/sec
[    5.658767] async_tx: api initialized (async)
[    5.669150] md: raid6 personality registered for level 6
[    5.670502] md: raid5 personality registered for level 5
[    5.671856] md: raid4 personality registered for level 4
[    5.679531] md: raid10 personality registered for level 10
done.
Begin: Running /scripts/init-premount ... done.
Begin: Mounting root file system ... Begin: Running /scripts/local-top ... done.
Begin: Running /scripts/local-premount ... [    5.710885] Btrfs loaded
Scanning for Btrfs filesystems
done.
Warning: fsck not present, so skipping root file system
[    5.737885] EXT4-fs (sda1): mounted filesystem with ordered data mode. Opts: (null)
done.
Begin: Running /scripts/local-bottom ... done.
Begin: Running /scripts/init-bottom ... done.
[    5.805753] systemd[1]: systemd 229 running in system mode. (+PAM +AUDIT +SELINUX +IMA +APPARMOR +SMACK +SYSVINIT +UTMP +LIBCRYPTSETUP +GCRYPT +GNUTLS +ACL +XZ -LZ4 +SECCOMP +BLKID +ELFUTILS +KMOD -IDN)
[    5.810053] systemd[1]: Detected virtualization oracle.
[    5.811376] systemd[1]: Detected architecture x86-64.

Welcome to [1mUbuntu 16.04.6 LTS[0m!

[    5.814778] systemd[1]: Set hostname to <ubuntu>.
[    5.818546] systemd[1]: Initializing machine ID from random generator.
[    5.820099] systemd[1]: Installed transient /etc/machine-id file.
[    5.920547] systemd[1]: Listening on /dev/initctl Compatibility Named Pipe.
[[0;32m  OK  [0m] Listening on /dev/initctl Compatibility Named Pipe.
[    5.923914] systemd[1]: Set up automount Arbitrary Executable File Formats File System Automount Point.
[[0;32m  OK  [0m] Set up automount Arbitrary Executab...ats File System Automount Point.
[    5.928303] systemd[1]: Created slice System Slice.
[[0;32m  OK  [0m] Created slice System Slice.
[    5.930507] systemd[1]: Started Forward Password Requests to Wall Directory Watch.
[[0;32m  OK  [0m] Started Forward Password Requests to Wall Directory Watch.
[    5.933742] systemd[1]: Reached target Swap.
[[0;32m  OK  [0m] Reached target Swap.
[    5.935856] systemd[1]: Listening on LVM2 metadata daemon socket.
[[0;32m  OK  [0m] Listening on LVM2 metadata daemon socket.
[    5.938525] systemd[1]: Started Trigger resolvconf update for networkd DNS.
[[0;32m  OK  [0m] Started Trigger resolvconf update for networkd DNS.
[    5.941472] systemd[1]: Reached target User and Group Name Lookups.
[[0;32m  OK  [0m] Reached target User and Group Name Lookups.
[    5.944072] systemd[1]: Listening on LVM2 poll daemon socket.
[[0;32m  OK  [0m] Listening on LVM2 poll daemon socket.
[    5.952536] systemd[1]: Listening on udev Kernel Socket.
[[0;32m  OK  [0m] Listening on udev Kernel Socket.
[    5.954923] systemd[1]: Listening on Syslog Socket.
[[0;32m  OK  [0m] Listening on Syslog Socket.
[    5.957295] systemd[1]: Listening on Journal Socket.
[[0;32m  OK  [0m] Listening on Journal Socket.
[    5.972326] systemd[1]: Starting Create list of required static device nodes for the current kernel...
         Starting Create list of required st... nodes for the current kernel...
[    5.977682] systemd[1]: Starting Load Kernel Modules...
         Starting Load Kernel Modules...
[    5.988648] systemd[1]: Mounting Debug File System...
[    5.990168] Loading iSCSI transport class v2.0-870.
         Mounting Debug File System...
[    5.993433] systemd[1]: Starting Nameserver information manager...
         Starting Nameserver information manager...
[    5.997701] systemd[1]: Starting Set console keymap...
[    5.999849] iscsi: registered transport (tcp)
         Starting Set console keymap...
[    6.009271] systemd[1]: Mounting POSIX Message Queue File System...
         Mounting POSIX Message Queue File System...
[    6.020970] systemd[1]: Mounting Huge Pages File System...
         Mounting Huge Pages File System...
[    6.025462] iscsi: registered transport (iser)
[    6.028183] systemd[1]: Reached target Encrypted Volumes.
[[0;32m  OK  [0m] Reached target Encrypted Volumes.
[    6.036866] systemd[1]: Starting Remount Root and Kernel File Systems...
         Starting Remount Root and Kernel File Systems...
[    6.040288] systemd[1]: Listening on Journal Socket (/dev/log).
[    6.042055] EXT4-fs (sda1): re-mounted. Opts: (null)
[[0;32m  OK  [0m] Listening on Journal Socket (/dev/log).
[    6.044740] systemd[1]: Created slice system-serial\x2dgetty.slice.
[[0;32m  OK  [0m] Created slice system-serial\x2dgetty.slice.
[    6.048220] systemd[1]: Starting Uncomplicated firewall...
         Starting Uncomplicated firewall...
[    6.050660] systemd[1]: Listening on Journal Audit Socket.
[[0;32m  OK  [0m] Listening on Journal Audit Socket.
[    6.053452] systemd[1]: Created slice User and Session Slice.
[[0;32m  OK  [0m] Created slice User and Session Slice.
[    6.056043] systemd[1]: Reached target Slices.
[[0;32m  OK  [0m] Reached target Slices.
[    6.058587] systemd[1]: Starting Journal Service...
         Starting Journal Service...
[    6.068551] systemd[1]: Listening on udev Control Socket.
[[0;32m  OK  [0m] Listening on udev Control Socket.
[    6.080338] systemd[1]: Reached target System Time Synchronized.
[[0;32m  OK  [0m] Reached target System Time Synchronized.
[    6.083681] systemd[1]: Listening on Device-mapper event daemon FIFOs.
[[0;32m  OK  [0m] Listening on Device-mapper event daemon FIFOs.
[    6.104550] systemd[1]: Starting Monitoring of LVM2 mirrors, snapshots etc. using dmeventd or progress polling...
         Starting Monitoring of LVM2 mirrors... dmeventd or progress polling...
[    6.117918] systemd[1]: Mounted POSIX Message Queue File System.
[[0;32m  OK  [0m] Mounted POSIX Message Queue File System.
[    6.120711] systemd[1]: Mounted Debug File System.
[[0;32m  OK  [0m] Mounted Debug File System.
[    6.123149] systemd[1]: Mounted Huge Pages File System.
[[0;32m  OK  [0m] Mounted Huge Pages File System.
[    6.125896] systemd[1]: Started Journal Service.
[[0;32m  OK  [0m] Started Journal Service.
[[0;32m  OK  [0m] Started Create list of required sta...ce nodes for the current kernel.
[[0;32m  OK  [0m] Started Load Kernel Modules.
[[0;32m  OK  [0m] Started Set console keymap.
[[0;32m  OK  [0m] Started Remount Root and Kernel File Systems.
[[0;32m  OK  [0m] Started Uncomplicated firewall.
[[0;32m  OK  [0m] Started Nameserver information manager.
[[0;32m  OK  [0m] Started LVM2 metadata daemon.
         Starting Load/Save Random Seed...
         Starting udev Coldplug all Devices...
         Starting Apply Kernel Variables...
         Mounting FUSE Control File System...
         Starting Create Static Device Nodes in /dev...
         Starting Flush Journal to Persistent Storage...
[[0;32m  OK  [0m] Mounted FUSE Control File System.
[[0;32m  OK  [0m] Started Load/Save Random Seed.
[[0;32m  OK  [0m] Started Apply Kernel Variables.
[[0;32m  OK  [0m] Started Create Static Device Nodes in /dev.
[[0;32m  OK  [0m] Started udev Coldplug all Devices.
[[0;32m  OK  [0m] Started Flush Journal to Persistent Storage.
         Starting udev Kernel Device Manager...
[[0;32m  OK  [0m] Started udev Kernel Device Manager.
[[0;32m  OK  [0m] Started Dispatch Password Requests to Console Directory Watch.
[[0;32m  OK  [0m] Started Monitoring of LVM2 mirrors,...ng dmeventd or progress polling.
[[0;32m  OK  [0m] Reached target Local File Systems (Pre).
[[0;32m  OK  [0m] Reached target Local File Systems.
         Starting Create Volatile Files and Directories...
         Starting LSB: AppArmor initialization...
         Starting Tell Plymouth To Write Out Runtime Data...
         Starting Set console font and keymap...
         Starting Commit a transient machine-id on disk...
         Starting Initial cloud-init job (pre-networking)...
[[0;32m  OK  [0m] Found device /dev/ttyS0.
[[0;32m  OK  [0m] Started Create Volatile Files and Directories.
[[0;32m  OK  [0m] Started Tell Plymouth To Write Out Runtime Data.
[[0;32m  OK  [0m] Started Commit a transient machine-id on disk.
         Starting Update UTMP about System Boot/Shutdown...
[[0;32m  OK  [0m] Started Update UTMP about System Boot/Shutdown.
[[0;32m  OK  [0m] Listening on Load/Save RF Kill Switch Status /dev/rfkill Watch.
[[0;32m  OK  [0m] Started LSB: AppArmor initialization.
[    7.534167] cloud-init[513]: Cloud-init v. 19.1-1-gbaa47854-0ubuntu1~16.04.1 running 'init-local' at Wed, 15 Jul 2020 01:45:56 +0000. Up 7.13 seconds.
[[0;32m  OK  [0m] Started Initial cloud-init job (pre-networking).
[[0;32m  OK  [0m] Reached target Network (Pre).
         Starting Raise network interfaces...
[[0;32m  OK  [0m] Started Set console font and keymap.
[[0;32m  OK  [0m] Created slice system-getty.slice.
[[0;32m  OK  [0m] Started Raise network interfaces.
         Starting Initial cloud-init job (metadata service crawler)...
[[0;32m  OK  [0m] Reached target Network.
[    8.531052] cloud-init[960]: Cloud-init v. 19.1-1-gbaa47854-0ubuntu1~16.04.1 running 'init' at Wed, 15 Jul 2020 01:45:57 +0000. Up 8.08 seconds.
[    8.544467] cloud-init[960]: ci-info: ++++++++++++++++++++++++++++++++++++++Net device info+++++++++++++++++++++++++++++++++++++++
[    8.546926] cloud-init[960]: ci-info: +--------+-------+----------------------------+---------------+--------+-------------------+
[    8.548822] cloud-init[960]: ci-info: | Device |   Up  |          Address           |      Mask     | Scope  |     Hw-Address    |
[    8.550958] cloud-init[960]: ci-info: +--------+-------+----------------------------+---------------+--------+-------------------+
[    8.553455] cloud-init[960]: ci-info: | enp0s3 |  True |         10.0.2.15          | 255.255.255.0 | global | 02:2e:c1:de:99:b7 |
[    8.560377] cloud-init[960]: ci-info: | enp0s3 |  True | fe80::2e:c1ff:fede:99b7/64 |       .       |  link  | 02:2e:c1:de:99:b7 |
[    8.563214] cloud-init[960]: ci-info: | enp0s8 | False |             .              |       .       |   .    | 08:00:27:47:d6:6e |
[    8.568325] cloud-init[960]: ci-info: |   lo   |  True |         127.0.0.1          |   255.0.0.0   |  host  |         .         |
[    8.571703] cloud-init[960]: ci-info: |   lo   |  True |          ::1/128           |       .       |  host  |         .         |
[    8.576307] cloud-init[960]: ci-info: +--------+-------+----------------------------+---------------+--------+-------------------+
[    8.579081] cloud-init[960]: ci-info: +++++++++++++++++++++++++++Route IPv4 info++++++++++++++++++++++++++++
[    8.581314] cloud-init[960]: ci-info: +-------+-------------+----------+---------------+-----------+-------+
[    8.584271] cloud-init[960]: ci-info: | Route | Destination | Gateway  |    Genmask    | Interface | Flags |
[    8.587062] cloud-init[960]: ci-info: +-------+-------------+----------+---------------+-----------+-------+
[    8.592288] cloud-init[960]: ci-info: |   0   |   0.0.0.0   | 10.0.2.2 |    0.0.0.0    |   enp0s3  |   UG  |
[    8.595068] cloud-init[960]: ci-info: |   1   |   10.0.2.0  | 0.0.0.0  | 255.255.255.0 |   enp0s3  |   U   |
[    8.600882] cloud-init[960]: ci-info: +-------+-------------+----------+---------------+-----------+-------+
[    8.604370] cloud-init[960]: ci-info: +++++++++++++++++++Route IPv6 info+++++++++++++++++++
[    8.607126] cloud-init[960]: ci-info: +-------+-------------+---------+-----------+-------+
[    8.609667] cloud-init[960]: ci-info: | Route | Destination | Gateway | Interface | Flags |
[    8.612060] cloud-init[960]: ci-info: +-------+-------------+---------+-----------+-------+
[    8.613393] cloud-init[960]: ci-info: |   0   |  fe80::/64  |    ::   |   enp0s3  |   U   |
[    8.615375] cloud-init[960]: ci-info: |   3   |   ff00::/8  |    ::   |   enp0s3  |   U   |
[    8.617295] cloud-init[960]: ci-info: +-------+-------------+---------+-----------+-------+
[    8.619000] cloud-init[960]: Generating public/private rsa key pair.
[    8.620376] cloud-init[960]: Your identification has been saved in /etc/ssh/ssh_host_rsa_key.
[    8.622261] cloud-init[960]: Your public key has been saved in /etc/ssh/ssh_host_rsa_key.pub.
[    8.624327] cloud-init[960]: The key fingerprint is:
[    8.625704] cloud-init[960]: SHA256:YhJId6qT8up6YB33fqWHPPiBdt/O4ptYQRaH6i+paL8 root@ubuntu-xenial
[    8.627551] cloud-init[960]: The key's randomart image is:
[    8.628880] cloud-init[960]: +---[RSA 2048]----+
[    8.630091] cloud-init[960]: |  . . .    ...   |
[    8.631451] cloud-init[960]: | . o o     .o    |
[    8.632791] cloud-init[960]: |  . o     .o     |
[    8.634172] cloud-init[960]: |   + o   .o      |
[    8.644308] [[0;32m  OK  [0m] Started Initial cloud-init job (metadata service crawler).
cloud-init[960]: |. = + + S  .     |
[    8.646191] [[0;32m  OK  [0m] Reached target System Initialization.
[[0;32m  OK  [0m] Started Daily Cleanup of Temporary Directories.
cloud-init[960]: |.+ o o o.. ..    |[[0;32m  OK  [0m] Started ACPI Events Check.
[[0;32m  OK  [0m] Reached target Paths.

[    8.649743]          Starting LXD - unix socket.
[[0;32m  OK  [0m] Listening on UUID daemon activation socket.
         Starting Socket activation for snappy daemon.
[[0;32m  OK  [0m] Listening on D-Bus System Message Bus Socket.
[[0;32m  OK  [0m] Started Daily apt download activities.
[[0;32m  OK  [0m] Started Daily apt upgrade and clean activities.
[[0;32m  OK  [0m] Reached target Timers.
[[0;32m  OK  [0m] Listening on ACPID Listen Socket.
[[0;32m  OK  [0m] Reached target Cloud-config availability.
[[0;32m  OK  [0m] Reached target Network is Online.
cloud-init[960]: |...   .ooo*.     |
[    8.659507] cloud-init[960]: | ..  .oo.O=++    |
[    8.660795] cloud-init[960]: |=o  ...E=o==++   |
[    8.661991] cloud-init[960]: +----[SHA256]-----+
[    8.663187] cloud-init[960]: Generating public/private dsa key pair.
[    8.664702] cloud-init[960]: Your identification has been saved in /etc/ssh/ssh_host_dsa_key.
[    8.666647] cloud-init[960]: Your public key has been saved in /etc/ssh/ssh_host_dsa_key.pub.
[    8.668556] cloud-init[960]: The key fingerprint is:
[    8.669800] cloud-init[960]: SHA256:Cd6lBYlwY07gmH/6CuS8ktUy/YiPlqOgaKR4//aOl0U root@ubuntu-xenial
[    8.671712]          Starting iSCSI initiator daemon (iscsid)...
[[0;32m  OK  [0m] Listening on LXD - unix socket.
[[0;32m  OK  [0m] Listening on Socket activation for snappy daemon.
[[0;32m  OK  [0m] Reached target Sockets.
[[0;32m  OK  [0m] Reached target Basic System.
cloud-init         Starting /etc/rc.local Compatibility...
[960]: The key's randomart image is:
[    8.678403]          Starting Virtualbox guest utils...
         Starting LSB: Record successful boot for GRUB...
[[0;32m  OK  [0m] Started ACPI event daemon.
         Starting Snappy daemon...
         Starting Pollinate to seed the pseudo random number generator...
[[0;32m  OK  [0m] Started D-Bus System Message Bus.
cloud-init[960]: +---[DSA 1024]----+
[    8.694783] cloud-init[960]: |    oo=...       |
[    8.707792] cloud-init[960]: |   + =....       |
[    8.709164] cloud-init[960]: |  o . o   o      |
[    8.710522] cloud-init[960]: |   . . o =E      |
[    8.712244] cloud-init[960]: |  .o. o S.       |
[    8.716320] cloud-init[960]: | =+ oo    .      |
[    8.718920] cloud-init[960]: |=o+=.o   o       |
[    8.722980] cloud-init[960]: |O.*+..o.o        |
[    8.724237] cloud-init[960]: |==o+++++o        |
[    8.726033] cloud-init[960]: +----[SHA256]-----+
[    8.727273] cloud-init[960]: Generating public/private ecdsa key pair.
[    8.728995] cloud-init[960]: Your identification has been saved in /etc/ssh/ssh_host_ecdsa_key.
[    8.737000] [[0;32m  OK  [0m] Started Deferred execution scheduler.
cloud-init         Starting LSB: MD monitoring daemon...
[[0;32m  OK  [0m] Started Regular background program processing daemon.
         Starting Login Service...
[[0;32m  OK  [0m] Started FUSE filesystem for LXC.
         Starting System Logging Service...
         Starting Accounts Service...
         Starting LXD - container startup/shutdown...
[960]: Your public key has been saved in /etc/ssh/ssh_host_ecdsa_key.pub.[[0;32m  OK  [0m] Started /etc/rc.local Compatibility.

[[0;32m  OK  [0m] Started iSCSI initiator daemon (iscsid).
[    8.768013] cloud-init[960]: The key fingerprint is:
[    8.784231] cloud-init[960]: SHA256:vW3/TZrwByNa7uNAi6WmwcXAR41/m8QmnztDEqI62NU root@ubuntu-xenial
[    8.792540] cloud-init[960]: The key's randomart image is:
[[0;32m  OK  [0m] Started System Logging Service.
[    8.812453] cloud-init[960]: +---[ECDSA 256]---+
[[0;32m  OK  [0m] Started LSB: Record successful boot for GRUB.
[    8.851665] cloud-init[960]: |        .o       |
[    8.884555] cloud-init[960]: |     . .. .      |
         Starting Login to default iSCSI targets...
[[0;32m  OK  [0m] Started LXD - container startup/shutdown.
[[0;32m  OK  [0m] Started Login Service.
[[0;32m  OK  [0m] Started Unattended Upgrades Shutdown.
[    8.900299] cloud-init[960]: |      o .. .     |
[    8.918802] cloud-init[960]: |       +..+ =    |
         Starting Authenticate and Authorize Users to Run Privileged Tasks...
[[0;32m  OK  [0m] Started LSB: MD monitoring daemon.
[[0;32m  OK  [0m] Started Login to default iSCSI targets.
[    8.943217] [[0;32m  OK  [0m] Reached target Remote File Systems (Pre).
[[0;32m  OK  [0m] Reached target Remote File Systems.
cloud-init[960]: |       oS.+B +   |
[    8.949735] cloud-init[960]: |     .o.E=.+O o  |
[    8.951318] cloud-init[960]: |   o oo + +*+o o.|
[    8.955496] cloud-init[960]: |  . +  +  .o*+ +o|
[    8.956967] cloud-init[960]: |     ..    oo+=oo|
[    8.958798] cloud-init[960]: +----[SHA256]-----+
         Starting LSB: daemon to balance interrupts for SMP systems...
[    8.977290] cloud-init[960]: Generating public/private ed25519 key pair.
[    8.978576] cloud-init         Starting LSB: automatic crash report generation...
         Starting LSB: Set the CPU Frequency Scaling governor to "ondemand"...
         Starting Permit User Sessions...
[[0;32m  OK  [0m] Started Virtualbox guest utils.
[960]: Your identification has been saved in /etc/ssh/ssh_host_ed25519_key.
[[0;32m  OK  [0m] Started Authenticate and Authorize Users to Run Privileged Tasks.
[[0;32m  OK  [0m] Started Accounts Service.
[[0;32m  OK  [0m] Started Permit User Sessions.
[    8.998451] cloud-init[960]: Your public key has been saved in /etc/ssh/ssh_host_ed25519_key.pub.
[    9.002915] cloud-init[960]: The key fingerprint is:
[    9.006587] cloud-init[960]: SHA256:W++R4tcbSjKtQ8WsCTRqCbzIWXe0pjbPPiPAzP4lx+k root@ubuntu-xenial
[    9.011702] cloud-init[960]: The key's randomart image is:
[    9.020537] cloud-init[960]: +--[ED25519 256]--+
[    9.021747] cloud-init[960]: |   .   ..        |
[    9.022795] cloud-init[960]: |    + . +.       |
         Starting Terminate Plymouth Boot Screen...
         Starting Hold until boot process finishes up...
[    9.033413] cloud-init[960]: | . + + =o. o     |
[    9.038983] cloud-init[960]: |  + . +o.   +    |
[    9.039319] cloud-init[[0;32m  OK  [0m] Started Snappy daemon.
[[960]: |   + .+ S..+     |
[    9.041820] cloud-init[960]: |    =. = ++o .   |
[    9.042073] cloud-init[960]: |   . .. O.+ *..  |
[    9.042821] cloud-init[960]: |    . .*o..B.o.. |
[    9.043250] cloud-init[960]: |     ...Eoooo .. |
[0;32m  OK  [0m[    9.044209] ] cloud-initStarted LSB: daemon to balance interrupts for SMP systems.[960]: 
+----[SHA256]-----+
[[0;32m  OK  [0m] Started LSB: Set the CPU Frequency Scaling governor to "ondemand".
[[0;32m  OK  [0m] Started Hold until boot process finishes up.
[[0;32m  OK  [0m] Started Terminate Plymouth Boot Screen.
         Starting Set console scheme...
[[0;32m  OK  [0m] Started Serial Getty on ttyS0.
[[0;32m  OK  [0m] Started Getty on tty1.
[[0;32m  OK  [0m] Reached target Login Prompts.
         Starting Wait until snapd is fully seeded...
[[0;32m  OK  [0m] Started LSB: automatic crash report generation.
[[0;32m  OK  [0m] Started Set console scheme.
[[0;32m  OK  [0m] Started Pollinate to seed the pseudo random number generator.
         Starting OpenBSD Secure Shell server...
[[0;32m  OK  [0m] Started OpenBSD Secure Shell server.
[[0;32m  OK  [0m] Started Wait until snapd is fully seeded.
[[0;32m  OK  [0m] Reached target Multi-User System.
[[0;32m  OK  [0m] Reached target Graphical Interface.
         Starting Update UTMP about System Runlevel Changes...
         Starting Apply the settings specified in cloud-config...
[[0;32m  OK  [0m] Started Update UTMP about System Runlevel Changes.
[   10.967427] cloud-init[1304]: Generating locales (this might take a while)...
[   11.667699] cloud-init[1304]:   en_US.UTF-8... done
[   11.676474] cloud-init[1304]: Generation complete.
[   11.943002] cloud-init[1304]: Cloud-init v. 19.1-1-gbaa47854-0ubuntu1~16.04.1 running 'modules:config' at Wed, 15 Jul 2020 01:46:00 +0000. Up 10.88 seconds.
[[0;32m  OK  [0m] Started Apply the settings specified in cloud-config.
         Starting Execute cloud user/final scripts...
[[0;32m  OK  [0m] Created slice User Slice of vagrant.
         Starting User Manager for UID 1000...
[[0;32m  OK  [0m] Started Session 1 of user vagrant.
[[0;32m  OK  [0m] Started User Manager for UID 1000.
ci-info: no authorized ssh keys fingerprints found for user ubuntu.
<14>Jul 15 01:46:02 ec2: 
<14>Jul 15 01:46:02 ec2: #############################################################
<14>Jul 15 01:46:02 ec2: -----BEGIN SSH HOST KEY FINGERPRINTS-----
<14>Jul 15 01:46:02 ec2: 1024 SHA256:Cd6lBYlwY07gmH/6CuS8ktUy/YiPlqOgaKR4//aOl0U root@ubuntu-xenial (DSA)
<14>Jul 15 01:46:02 ec2: 256 SHA256:vW3/TZrwByNa7uNAi6WmwcXAR41/m8QmnztDEqI62NU root@ubuntu-xenial (ECDSA)
<14>Jul 15 01:46:02 ec2: 256 SHA256:W++R4tcbSjKtQ8WsCTRqCbzIWXe0pjbPPiPAzP4lx+k root@ubuntu-xenial (ED25519)
<14>Jul 15 01:46:02 ec2: 2048 SHA256:YhJId6qT8up6YB33fqWHPPiBdt/O4ptYQRaH6i+paL8 root@ubuntu-xenial (RSA)
<14>Jul 15 01:46:02 ec2: -----END SSH HOST KEY FINGERPRINTS-----
<14>Jul 15 01:46:02 ec2: #############################################################
-----BEGIN SSH HOST KEY KEYS-----
ecdsa-sha2-nistp256 AAAAE2VjZHNhLXNoYTItbmlzdHAyNTYAAAAIbmlzdHAyNTYAAABBBACwo7J3NXcYwK4CrPxi68uBQjbSamCPQqrYY2NDNFp7lPRu6uGySiuWT21krO+cEouBJQcwz4mY3q+xJ9M4UxE= root@ubuntu-xenial
ssh-ed25519 AAAAC3NzaC1lZDI1NTE5AAAAIMll8ekLMnECXJTGdPIzIXWVbCM3xA07I9SEiiVBAxtN root@ubuntu-xenial
ssh-rsa AAAAB3NzaC1yc2EAAAADAQABAAABAQDDPT/balfXxrEVDxc2wyIqNgQjPPbwW/FktSe0EG9qtXWrRW7z/ZwlYEgCogyNZT6eMMWpdIcncC6S1kN7++Hsf35cy5YBZequ2hauKmIq9RzncAmRsMB0aUC+yB577Rkd3vpg3PDwXJne9ExKNLk7kPVLgkNNQpu6C8bVBRcZpW6r62xjWe8SKhBWjWy6dhCqmJS6EZ58BG5hE9JPFFxIZihqSWO7R4u6p3MBzakoAbEQr5GFWgQafROiCfVtD2QH34AFhIXH/50gxA6Nr1HIEFY1993PIAWQvVwTU4dtn3gAVXCaWsKLoPUniPGDXbgrd9fFmyOPfaXlpKF1BMBd root@ubuntu-xenial
-----END SSH HOST KEY KEYS-----
[   12.431675] cloud-init[1344]: Cloud-init v. 19.1-1-gbaa47854-0ubuntu1~16.04.1 running 'modules:final' at Wed, 15 Jul 2020 01:46:02 +0000. Up 12.27 seconds.
[   12.436989] cloud-init[1344]: ci-info: no authorized ssh keys fingerprints found for user ubuntu.
[   12.439691] cloud-init[1344]: Cloud-init v. 19.1-1-gbaa47854-0ubuntu1~16.04.1 finished at Wed, 15 Jul 2020 01:46:02 +0000. Datasource DataSourceNoCloud [seed=/dev/sdb][dsmode=net].  Up 12.42 seconds
[[0;32m  OK  [0m] Started Execute cloud user/final scripts.
[[0;32m  OK  [0m] Reached target Cloud-init target.

Ubuntu 16.04.6 LTS ubuntu-xenial ttyS0

ubuntu-xenial login: 